<?xml version="1.0" encoding="UTF-8"?>
<!-- Generated by org.testng.reporters.JUnitXMLReporter -->
<testsuite ignored="19" hostname="Rahuls-MacBook-Pro.local" failures="0" tests="5" name="N26 API Smoke Test" time="0.996" errors="0" timestamp="2019-08-29T13:22:39 BST">
  <testcase classname="Stores.GetStoreByID" name="GetStoreByID1" time="0.753"/>
  <testcase classname="Stores.AddStore" name="AddStores1" time="0.087"/>
  <testcase classname="Stores.DeleteStore" name="DeleteProduct1" time="0.022"/>
  <testcase classname="Stores.DeleteStore" name="DeleteProduct2" time="0.047"/>
  <testcase classname="Stores.GetAllStore" name="GetAllProduct1" time="0.04"/>
  <testcase classname="Categories.CategoryE2E" name="DeleteCategory" time="0.0">
    <ignored/>
  </testcase> <!-- DeleteCategory -->
  <testcase classname="Stores.StoreE2E" name="DeleteStore" time="0.0">
    <ignored/>
  </testcase> <!-- DeleteStore -->
  <testcase classname="Products.ProductE2E" name="GetProductById" time="0.0">
    <ignored/>
  </testcase> <!-- GetProductById -->
  <testcase classname="Stores.StoreE2E" name="GetStoreById" time="0.0">
    <ignored/>
  </testcase> <!-- GetStoreById -->
  <testcase classname="Categories.CategoryE2E" name="GetCategoryById" time="0.0">
    <ignored/>
  </testcase> <!-- GetCategoryById -->
  <testcase classname="Utilities.HealthCheck" name="HealthCheckErrorTest" time="0.0">
    <ignored/>
  </testcase> <!-- HealthCheckErrorTest -->
  <testcase classname="Stores.StoreE2E" name="GetAllStore" time="0.0">
    <ignored/>
  </testcase> <!-- GetAllStore -->
  <testcase classname="Categories.CategoryE2E" name="AddCategory" time="0.0">
    <ignored/>
  </testcase> <!-- AddCategory -->
  <testcase classname="Services.ServiceE2E" name="GetServiceById" time="0.0">
    <ignored/>
  </testcase> <!-- GetServiceById -->
  <testcase classname="Services.ServiceE2E" name="DeleteStore" time="0.0">
    <ignored/>
  </testcase> <!-- DeleteStore -->
  <testcase classname="Services.ServiceE2E" name="AddService" time="0.0">
    <ignored/>
  </testcase> <!-- AddService -->
  <testcase classname="Utilities.HealthCheck" name="HealthCheckTest" time="0.0">
    <ignored/>
  </testcase> <!-- HealthCheckTest -->
  <testcase classname="Products.ProductE2E" name="AddProduct" time="0.0">
    <ignored/>
  </testcase> <!-- AddProduct -->
  <testcase classname="Products.ProductE2E" name="DeleteProduct" time="0.0">
    <ignored/>
  </testcase> <!-- DeleteProduct -->
  <testcase classname="Categories.CategoryE2E" name="GetAllCategory" time="0.0">
    <ignored/>
  </testcase> <!-- GetAllCategory -->
  <testcase classname="Utilities.Version" name="VersionTest" time="0.0">
    <ignored/>
  </testcase> <!-- VersionTest -->
  <testcase classname="Products.ProductE2E" name="GetAllProduct" time="0.0">
    <ignored/>
  </testcase> <!-- GetAllProduct -->
  <testcase classname="Stores.StoreE2E" name="AddStore" time="0.0">
    <ignored/>
  </testcase> <!-- AddStore -->
  <testcase classname="Services.ServiceE2E" name="GetAllService" time="0.0">
    <ignored/>
  </testcase> <!-- GetAllService -->
</testsuite> <!-- N26 API Smoke Test -->
