<?xml version="1.0" encoding="UTF-8"?>
<!-- Generated by org.testng.reporters.JUnitXMLReporter -->
<testsuite ignored="1" hostname="Rahuls-MacBook-Pro.local" failures="0" tests="42" name="N26 API E2E Test" time="1.946" errors="0" timestamp="2019-08-29T13:07:10 BST">
  <testcase classname="Products.ProductE2E" name="GetAllProduct" time="0.589"/>
  <testcase classname="Products.ProductE2E" name="AddProduct" time="0.321"/>
  <testcase classname="Products.ProductE2E" name="GetProductById" time="0.058"/>
  <testcase classname="Products.ProductE2E" name="DeleteProduct" time="0.026"/>
  <testcase classname="Products.AddProduct" name="AddProductWithActualPayLoad" time="0.02"/>
  <testcase classname="Products.AddProduct" name="AddProductWithMissingMandatoryKeyInJson" time="0.015"/>
  <testcase classname="Products.GetAllProduct" name="GetAllProduct1" time="0.018"/>
  <testcase classname="Products.DeleteProduct" name="DeleteProduct1" time="0.017"/>
  <testcase classname="Products.DeleteProduct" name="DeleteProduct2" time="0.034"/>
  <testcase classname="Products.GetProductByID" name="GetProductById1" time="0.029"/>
  <testcase classname="Stores.StoreE2E" name="GetAllStore" time="0.033"/>
  <testcase classname="Stores.StoreE2E" name="AddStore" time="0.039"/>
  <testcase classname="Stores.StoreE2E" name="GetStoreById" time="0.024"/>
  <testcase classname="Stores.StoreE2E" name="DeleteStore" time="0.012"/>
  <testcase classname="Stores.GetStoreByID" name="GetStoreByID1" time="0.029"/>
  <testcase classname="Stores.AddStore" name="AddStores1" time="0.023"/>
  <testcase classname="Stores.DeleteStore" name="DeleteProduct1" time="0.015"/>
  <testcase classname="Stores.DeleteStore" name="DeleteProduct2" time="0.034"/>
  <testcase classname="Stores.GetAllStore" name="GetAllProduct1" time="0.024"/>
  <testcase classname="Utilities.Version" name="VersionTest" time="0.014"/>
  <testcase classname="Utilities.HealthCheck" name="HealthCheckErrorTest" time="0.014"/>
  <testcase classname="Utilities.HealthCheck" name="HealthCheckTest" time="0.035"/>
  <testcase classname="Categories.DeleteCategory" name="DeleteCategory1" time="0.009"/>
  <testcase classname="Categories.DeleteCategory" name="DeleteCategory2" time="0.043"/>
  <testcase classname="Categories.AddCategory" name="AddCategoryInValidpayload" time="0.014"/>
  <testcase classname="Categories.AddCategory" name="AddCategoryValidPayload" time="0.013"/>
  <testcase classname="Categories.GetCategoryByID" name="GetCategoryByID1" time="0.048"/>
  <testcase classname="Categories.GetAllCategory" name="GetAllCategory1" time="0.045"/>
  <testcase classname="Categories.CategoryE2E" name="GetAllCategory" time="0.037"/>
  <testcase classname="Categories.CategoryE2E" name="AddCategory" time="0.015"/>
  <testcase classname="Categories.CategoryE2E" name="GetCategoryById" time="0.018"/>
  <testcase classname="Categories.CategoryE2E" name="DeleteCategory" time="0.013"/>
  <testcase classname="Services.GetServiceByID" name="GetServiceById" time="0.013"/>
  <testcase classname="Services.ServiceE2E" name="GetAllService" time="0.008"/>
  <testcase classname="Services.ServiceE2E" name="AddService" time="0.015"/>
  <testcase classname="Services.ServiceE2E" name="GetServiceById" time="0.012"/>
  <testcase classname="Services.ServiceE2E" name="DeleteStore" time="0.011"/>
  <testcase classname="Services.AddService" name="AddServices1" time="0.014"/>
  <testcase classname="Services.DeleteService" name="DeleteService1" time="0.008"/>
  <testcase classname="Services.DeleteService" name="DeleteService2" time="0.027"/>
  <testcase classname="Services.GetAllService" name="GetAllServiceWithOutQueryParameters" time="0.009"/>
  <testcase classname="Services.GetAllService" name="GetAllServiceWithQueryParameters" time="0.067"/>
  <testcase classname="Services.AddService" name="AddServices2" time="0.0">
    <ignored/>
  </testcase> <!-- AddServices2 -->
</testsuite> <!-- N26 API E2E Test -->
